** Drc report for mutebox_hat_audio_in.kicad_pcb **
** Created on 2026-01-05T07:01:22-0800 **

** Found 18 DRC violations **
[copper_edge_clearance]: Board edge clearance violation (board setup constraints edge clearance 0.0500 mm; actual 0.0000 mm)
    Rule: board setup constraints edge; error
    @(123.8825 mm, 55.5000 mm): Segment on Edge.Cuts
    @(123.5000 mm, 56.0000 mm): Pad 1 [+3V3] of C1 on F.Cu
[copper_edge_clearance]: Board edge clearance violation (board setup constraints edge clearance 0.0500 mm; actual 0.0421 mm)
    Rule: board setup constraints edge; error
    @(102.9200 mm, 57.5000 mm): Arc on Edge.Cuts
    @(102.0000 mm, 56.5000 mm): Pad 1 [Net-(U4-XO)] of C6 on F.Cu
[copper_edge_clearance]: Board edge clearance violation (board setup constraints edge clearance 0.0500 mm; actual 0.0000 mm)
    Rule: board setup constraints edge; error
    @(101.4000 mm, 59.1500 mm): Arc on Edge.Cuts
    @(101.8000 mm, 59.3000 mm): Pad 4 [<no net>] of Y1 on F.Cu
[invalid_outline]: Board has malformed outline (not a closed shape)
    Local override; error
    @(147.1600 mm, 98.9600 mm): Segment of J_R_IN1 on Edge.Cuts
[invalid_outline]: Board has malformed outline (not a closed shape)
    Local override; error
    @(126.1600 mm, 98.9600 mm): Segment of J_L_IN1 on Edge.Cuts
[invalid_outline]: Board has malformed outline (not a closed shape)
    Local override; error
    @(130.8400 mm, 98.4200 mm): Arc on Edge.Cuts
[invalid_outline]: Board has malformed outline (not a closed shape)
    Local override; error
    @(123.8825 mm, 55.5000 mm): Segment on Edge.Cuts
[invalid_outline]: Board has malformed outline (not a closed shape)
    Local override; error
    @(102.9200 mm, 57.5000 mm): Arc on Edge.Cuts
[invalid_outline]: Board has malformed outline (not a closed shape)
    Local override; error
    @(111.4200 mm, 83.0000 mm): Segment on Edge.Cuts
[invalid_outline]: Board has malformed outline (not a closed shape)
    Local override; error
    @(101.4000 mm, 59.1500 mm): Arc on Edge.Cuts
[silk_over_copper]: Silkscreen clipped by solder mask
    Local override; error
    @(102.9000 mm, 57.7000 mm): Reference field of Y1
[silk_overlap]: Silkscreen overlap
    Rule: board setup constraints silk; error
    @(156.2729 mm, 79.2350 mm): Segment of R4 on F.Silkscreen
    @(157.0000 mm, 79.8500 mm): Reference field of R6
[silk_overlap]: Silkscreen overlap
    Rule: board setup constraints silk; error
    @(151.5000 mm, 79.8500 mm): Reference field of R5
    @(151.2729 mm, 79.2350 mm): Segment of R3 on F.Silkscreen
[silk_overlap]: Silkscreen overlap
    Rule: board setup constraints silk; error
    @(102.9000 mm, 57.7000 mm): Reference field of Y1
    @(102.7729 mm, 57.2350 mm): Segment of C6 on F.Silkscreen
[silk_edge_clearance]: Silkscreen clipped by board edge
    Rule: board setup constraints silk; warning
    @(100.5000 mm, 100.0000 mm): Segment on Edge.Cuts
    @(126.3600 mm, 98.5600 mm): Segment of J_L_IN1 on F.Silkscreen
[silk_edge_clearance]: Silkscreen clipped by board edge
    Rule: board setup constraints silk; warning
    @(130.8400 mm, 98.4200 mm): Arc on Edge.Cuts
    @(134.5600 mm, 98.5600 mm): Segment of J_L_IN1 on F.Silkscreen
[silk_edge_clearance]: Silkscreen clipped by board edge
    Rule: board setup constraints silk; warning
    @(100.5000 mm, 100.0000 mm): Segment on Edge.Cuts
    @(134.5600 mm, 98.5600 mm): Segment of J_L_IN1 on F.Silkscreen
[silk_edge_clearance]: Silkscreen clipped by board edge
    Rule: board setup constraints silk; warning
    @(111.4200 mm, 83.0000 mm): Segment on Edge.Cuts
    @(120.8000 mm, 83.5400 mm): Segment of J2 on F.Silkscreen

** Found 116 unconnected pads **
[unconnected_items]: Missing connection between items
    Local override; error
    @(108.7000 mm, 63.0300 mm): Pad 3 [GND] of U4 on F.Cu
    @(108.7000 mm, 68.1100 mm): Pad 7 [GND] of U4 on F.Cu
[unconnected_items]: Missing connection between items
    Local override; error
    @(108.7000 mm, 63.0300 mm): Pad 3 [GND] of U4 on F.Cu
    @(104.0000 mm, 56.5000 mm): Pad 2 [GND] of C6 on F.Cu
[unconnected_items]: Missing connection between items
    Local override; error
    @(108.7000 mm, 70.6500 mm): Pad 9 [GND] of U4 on F.Cu
    @(108.7000 mm, 68.1100 mm): Pad 7 [GND] of U4 on F.Cu
[unconnected_items]: Missing connection between items
    Local override; error
    @(108.7000 mm, 71.9200 mm): Pad 10 [GND] of U4 on F.Cu
    @(108.7000 mm, 70.6500 mm): Pad 9 [GND] of U4 on F.Cu
[unconnected_items]: Missing connection between items
    Local override; error
    @(108.7000 mm, 74.4600 mm): Pad 12 [GND] of U4 on F.Cu
    @(108.7000 mm, 71.9200 mm): Pad 10 [GND] of U4 on F.Cu
[unconnected_items]: Missing connection between items
    Local override; error
    @(108.7000 mm, 75.7300 mm): Pad 13 [GND] of U4 on F.Cu
    @(108.7000 mm, 74.4600 mm): Pad 12 [GND] of U4 on F.Cu
[unconnected_items]: Missing connection between items
    Local override; error
    @(112.9200 mm, 93.5000 mm): PTH pad 2 [GND] of J2
    @(129.0500 mm, 85.0000 mm): Pad 4 [GND] of U1 on F.Cu
[unconnected_items]: Missing connection between items
    Local override; error
    @(113.4500 mm, 46.2300 mm): PTH pad 6 [GND] of J1
    @(118.5300 mm, 48.7700 mm): PTH pad 9 [GND] of J1
[unconnected_items]: Missing connection between items
    Local override; error
    @(118.0000 mm, 70.6500 mm): Pad 20 [GND] of U4 on F.Cu
    @(118.0000 mm, 69.3800 mm): Pad 21 [GND] of U4 on F.Cu
[unconnected_items]: Missing connection between items
    Local override; error
    @(118.0000 mm, 70.6500 mm): Pad 20 [GND] of U4 on F.Cu
    @(108.7000 mm, 70.6500 mm): Pad 9 [GND] of U4 on F.Cu
[unconnected_items]: Missing connection between items
    Local override; error
    @(118.5300 mm, 48.7700 mm): PTH pad 9 [GND] of J1
    @(123.6100 mm, 46.2300 mm): PTH pad 14 [GND] of J1
[unconnected_items]: Missing connection between items
    Local override; error
    @(123.0000 mm, 61.5000 mm): Pad 2 [GND] of C5 on F.Cu
    @(125.5000 mm, 56.0000 mm): Pad 2 [GND] of C1 on F.Cu
[unconnected_items]: Missing connection between items
    Local override; error
    @(123.0000 mm, 61.5000 mm): Pad 2 [GND] of C5 on F.Cu
    @(118.0000 mm, 69.3800 mm): Pad 21 [GND] of U4 on F.Cu
[unconnected_items]: Missing connection between items
    Local override; error
    @(127.9250 mm, 68.0000 mm): Pad 2 [GND] of C15 on F.Cu
    @(132.5000 mm, 68.0000 mm): Pad 2 [GND] of C16 on F.Cu
[unconnected_items]: Missing connection between items
    Local override; error
    @(129.0500 mm, 62.3100 mm): Pad 8 [GND] of U2 on F.Cu
    @(127.9250 mm, 68.0000 mm): Pad 2 [GND] of C15 on F.Cu
[unconnected_items]: Missing connection between items
    Local override; error
    @(129.0500 mm, 62.3100 mm): Pad 8 [GND] of U2 on F.Cu
    @(123.0000 mm, 61.5000 mm): Pad 2 [GND] of C5 on F.Cu
[unconnected_items]: Missing connection between items
    Local override; error
    @(129.0500 mm, 82.4600 mm): Pad 2 [GND] of U1 on F.Cu
    @(129.0500 mm, 81.1900 mm): Pad 1 [GND] of U1 on F.Cu
[unconnected_items]: Missing connection between items
    Local override; error
    @(129.0500 mm, 83.7300 mm): Pad 3 [GND] of U1 on F.Cu
    @(129.0500 mm, 82.4600 mm): Pad 2 [GND] of U1 on F.Cu
[unconnected_items]: Missing connection between items
    Local override; error
    @(129.0500 mm, 85.0000 mm): Pad 4 [GND] of U1 on F.Cu
    @(129.0500 mm, 83.7300 mm): Pad 3 [GND] of U1 on F.Cu
[unconnected_items]: Missing connection between items
    Local override; error
    @(131.2300 mm, 46.2300 mm): PTH pad 20 [GND] of J1
    @(123.6100 mm, 46.2300 mm): PTH pad 14 [GND] of J1
[unconnected_items]: Missing connection between items
    Local override; error
    @(132.5000 mm, 68.0000 mm): Pad 2 [GND] of C16 on F.Cu
    @(137.0000 mm, 68.0000 mm): Pad 2 [GND] of C17 on F.Cu
[unconnected_items]: Missing connection between items
    Local override; error
    @(133.5000 mm, 73.5000 mm): Pad 2 [GND] of C7 on F.Cu
    @(132.5000 mm, 68.0000 mm): Pad 2 [GND] of C16 on F.Cu
[unconnected_items]: Missing connection between items
    Local override; error
    @(133.5000 mm, 73.5000 mm): Pad 2 [GND] of C7 on F.Cu
    @(129.0500 mm, 81.1900 mm): Pad 1 [GND] of U1 on F.Cu
[unconnected_items]: Missing connection between items
    Local override; error
    @(134.0000 mm, 57.2300 mm): Pad 13 [GND] of U2 on F.Cu
    @(134.0000 mm, 55.9600 mm): Pad 14 [GND] of U2 on F.Cu
[unconnected_items]: Missing connection between items
    Local override; error
    @(134.0000 mm, 57.2300 mm): Pad 13 [GND] of U2 on F.Cu
    @(129.0500 mm, 62.3100 mm): Pad 8 [GND] of U2 on F.Cu
[unconnected_items]: Missing connection between items
    Local override; error
    @(134.0000 mm, 82.4600 mm): Pad 7 [GND] of U1 on F.Cu
    @(129.0500 mm, 82.4600 mm): Pad 2 [GND] of U1 on F.Cu
[unconnected_items]: Missing connection between items
    Local override; error
    @(134.0000 mm, 82.4600 mm): Pad 7 [GND] of U1 on F.Cu
    @(140.5000 mm, 87.4600 mm): PTH pad 1 [GND] of JP1
[unconnected_items]: Missing connection between items
    Local override; error
    @(137.0000 mm, 68.0000 mm): Pad 2 [GND] of C17 on F.Cu
    @(141.5000 mm, 70.0000 mm): Pad 2 [GND] of C4 on F.Cu
[unconnected_items]: Missing connection between items
    Local override; error
    @(138.8500 mm, 48.7700 mm): PTH pad 25 [GND] of J1
    @(131.2300 mm, 46.2300 mm): PTH pad 20 [GND] of J1
[unconnected_items]: Missing connection between items
    Local override; error
    @(139.5000 mm, 54.0000 mm): Pad 2 [GND] of R8 on F.Cu
    @(138.8500 mm, 48.7700 mm): PTH pad 25 [GND] of J1
[unconnected_items]: Missing connection between items
    Local override; error
    @(139.5000 mm, 54.0000 mm): Pad 2 [GND] of R8 on F.Cu
    @(134.0000 mm, 55.9600 mm): Pad 14 [GND] of U2 on F.Cu
[unconnected_items]: Missing connection between items
    Local override; error
    @(140.5000 mm, 87.4600 mm): PTH pad 1 [GND] of JP1
    @(152.5000 mm, 81.5000 mm): Pad 2 [GND] of R5 on F.Cu
[unconnected_items]: Missing connection between items
    Local override; error
    @(143.9300 mm, 46.2300 mm): PTH pad 30 [GND] of J1
    @(138.8500 mm, 48.7700 mm): PTH pad 25 [GND] of J1
[unconnected_items]: Missing connection between items
    Local override; error
    @(145.0000 mm, 61.4000 mm): Pad 12 [GND] of U3 on F.Cu
    @(139.5000 mm, 54.0000 mm): Pad 2 [GND] of R8 on F.Cu
[unconnected_items]: Missing connection between items
    Local override; error
    @(149.0100 mm, 46.2300 mm): PTH pad 34 [GND] of J1
    @(143.9300 mm, 46.2300 mm): PTH pad 30 [GND] of J1
[unconnected_items]: Missing connection between items
    Local override; error
    @(152.5000 mm, 78.5000 mm): Pad 2 [GND] of R3 on F.Cu
    @(152.5000 mm, 81.5000 mm): Pad 2 [GND] of R5 on F.Cu
[unconnected_items]: Missing connection between items
    Local override; error
    @(156.6300 mm, 48.7700 mm): PTH pad 39 [GND] of J1
    @(149.0100 mm, 46.2300 mm): PTH pad 34 [GND] of J1
[unconnected_items]: Missing connection between items
    Local override; error
    @(157.5000 mm, 78.5000 mm): Pad 2 [GND] of R4 on F.Cu
    @(161.6500 mm, 75.8500 mm): Pad 2 [GND] of C3 on F.Cu
[unconnected_items]: Missing connection between items
    Local override; error
    @(157.5000 mm, 78.5000 mm): Pad 2 [GND] of R4 on F.Cu
    @(152.5000 mm, 78.5000 mm): Pad 2 [GND] of R3 on F.Cu
[unconnected_items]: Missing connection between items
    Local override; error
    @(158.0000 mm, 81.5000 mm): Pad 2 [GND] of R6 on F.Cu
    @(157.5000 mm, 78.5000 mm): Pad 2 [GND] of R4 on F.Cu
[unconnected_items]: Missing connection between items
    Local override; error
    @(110.9100 mm, 48.7700 mm): PTH pad 3 [/GPIO2/SDA1] of J1
    @(118.5000 mm, 52.5000 mm): Pad 2 [/GPIO2/SDA1] of R9 on F.Cu
[unconnected_items]: Missing connection between items
    Local override; error
    @(113.4500 mm, 48.7700 mm): PTH pad 5 [/GPIO3/SCL1] of J1
    @(123.0000 mm, 52.5000 mm): Pad 2 [/GPIO3/SCL1] of R10 on F.Cu
[unconnected_items]: Missing connection between items
    Local override; error
    @(127.9200 mm, 91.9200 mm): PTH pad 2 [3V3_A] of J_L_IN1
    @(133.0000 mm, 91.9200 mm): PTH pad 2 [3V3_A] of J_L_IN1
[unconnected_items]: Missing connection between items
    Local override; error
    @(127.9200 mm, 97.0000 mm): PTH pad 2 [3V3_A] of J_L_IN1
    @(133.0000 mm, 97.0000 mm): PTH pad 2 [3V3_A] of J_L_IN1
[unconnected_items]: Missing connection between items
    Local override; error
    @(133.0000 mm, 91.9200 mm): PTH pad 2 [3V3_A] of J_L_IN1
    @(133.0000 mm, 97.0000 mm): PTH pad 2 [3V3_A] of J_L_IN1
[unconnected_items]: Missing connection between items
    Local override; error
    @(145.0000 mm, 54.9000 mm): Pad 2 [3V3_A] of U3 on F.Cu
    @(145.0000 mm, 54.2500 mm): Pad 1 [3V3_A] of U3 on F.Cu
[unconnected_items]: Missing connection between items
    Local override; error
    @(145.0000 mm, 54.9000 mm): Pad 2 [3V3_A] of U3 on F.Cu
    @(145.0000 mm, 58.1500 mm): Pad 7 [3V3_A] of U3 on F.Cu
[unconnected_items]: Missing connection between items
    Local override; error
    @(145.0000 mm, 58.8000 mm): Pad 8 [3V3_A] of U3 on F.Cu
    @(145.0000 mm, 58.1500 mm): Pad 7 [3V3_A] of U3 on F.Cu
[unconnected_items]: Missing connection between items
    Local override; error
    @(145.0000 mm, 58.8000 mm): Pad 8 [3V3_A] of U3 on F.Cu
    @(145.0000 mm, 60.7500 mm): Pad 11 [3V3_A] of U3 on F.Cu
[unconnected_items]: Missing connection between items
    Local override; error
    @(145.0000 mm, 62.0500 mm): Pad 13 [3V3_A] of U3 on F.Cu
    @(145.0000 mm, 62.7000 mm): Pad 14 [3V3_A] of U3 on F.Cu
[unconnected_items]: Missing connection between items
    Local override; error
    @(145.0000 mm, 62.0500 mm): Pad 13 [3V3_A] of U3 on F.Cu
    @(145.0000 mm, 60.7500 mm): Pad 11 [3V3_A] of U3 on F.Cu
[unconnected_items]: Missing connection between items
    Local override; error
    @(148.9200 mm, 97.0000 mm): PTH pad 2 [3V3_A] of J_R_IN1
    @(133.0000 mm, 97.0000 mm): PTH pad 2 [3V3_A] of J_L_IN1
[unconnected_items]: Missing connection between items
    Local override; error
    @(151.0000 mm, 73.5000 mm): Pad 1 [3V3_A] of C10 on F.Cu
    @(145.0000 mm, 62.7000 mm): Pad 14 [3V3_A] of U3 on F.Cu
[unconnected_items]: Missing connection between items
    Local override; error
    @(154.0000 mm, 91.9200 mm): PTH pad 2 [3V3_A] of J_R_IN1
    @(154.0000 mm, 97.0000 mm): PTH pad 2 [3V3_A] of J_R_IN1
[unconnected_items]: Missing connection between items
    Local override; error
    @(154.0000 mm, 91.9200 mm): PTH pad 2 [3V3_A] of J_R_IN1
    @(148.9200 mm, 91.9200 mm): PTH pad 2 [3V3_A] of J_R_IN1
[unconnected_items]: Missing connection between items
    Local override; error
    @(154.0000 mm, 91.9200 mm): PTH pad 2 [3V3_A] of J_R_IN1
    @(161.5000 mm, 83.2000 mm): Pad 2 [3V3_A] of FB1 on F.Cu
[unconnected_items]: Missing connection between items
    Local override; error
    @(154.0000 mm, 97.0000 mm): PTH pad 2 [3V3_A] of J_R_IN1
    @(148.9200 mm, 97.0000 mm): PTH pad 2 [3V3_A] of J_R_IN1
[unconnected_items]: Missing connection between items
    Local override; error
    @(155.5000 mm, 73.5000 mm): Pad 1 [3V3_A] of C12 on F.Cu
    @(151.0000 mm, 73.5000 mm): Pad 1 [3V3_A] of C10 on F.Cu
[unconnected_items]: Missing connection between items
    Local override; error
    @(161.5000 mm, 83.2000 mm): Pad 2 [3V3_A] of FB1 on F.Cu
    @(161.6500 mm, 77.8500 mm): Pad 1 [3V3_A] of C3 on F.Cu
[unconnected_items]: Missing connection between items
    Local override; error
    @(161.6500 mm, 77.8500 mm): Pad 1 [3V3_A] of C3 on F.Cu
    @(155.5000 mm, 73.5000 mm): Pad 1 [3V3_A] of C12 on F.Cu
[unconnected_items]: Missing connection between items
    Local override; error
    @(134.0000 mm, 85.0000 mm): Pad 5 [/ID_SDA] of U1 on F.Cu
    @(141.3900 mm, 48.7700 mm): PTH pad 27 [/ID_SDA] of J1
[unconnected_items]: Missing connection between items
    Local override; error
    @(141.3900 mm, 48.7700 mm): PTH pad 27 [/ID_SDA] of J1
    @(107.0000 mm, 52.5000 mm): Pad 2 [/ID_SDA] of R1 on F.Cu
[unconnected_items]: Missing connection between items
    Local override; error
    @(138.5000 mm, 60.0000 mm): Pad 1 [Net-(U3-VINL1/VIN1P)] of C8 on F.Cu
    @(145.0000 mm, 55.5500 mm): Pad 3 [Net-(U3-VINL1/VIN1P)] of U3 on F.Cu
[unconnected_items]: Missing connection between items
    Local override; error
    @(101.8000 mm, 61.0000 mm): Pad 1 [Net-(U4-XO)] of Y1 on F.Cu
    @(108.7000 mm, 65.5700 mm): Pad 5 [Net-(U4-XO)] of U4 on F.Cu
[unconnected_items]: Missing connection between items
    Local override; error
    @(102.0000 mm, 56.5000 mm): Pad 1 [Net-(U4-XO)] of C6 on F.Cu
    @(101.8000 mm, 61.0000 mm): Pad 1 [Net-(U4-XO)] of Y1 on F.Cu
[unconnected_items]: Missing connection between items
    Local override; error
    @(108.3700 mm, 46.2300 mm): PTH pad 2 [+5V] of J1
    @(110.9100 mm, 46.2300 mm): PTH pad 4 [+5V] of J1
[unconnected_items]: Missing connection between items
    Local override; error
    @(108.7000 mm, 60.4900 mm): Pad 1 [+3V3] of U4 on F.Cu
    @(109.5000 mm, 52.5000 mm): Pad 1 [+3V3] of R2 on F.Cu
[unconnected_items]: Missing connection between items
    Local override; error
    @(109.5000 mm, 52.5000 mm): Pad 1 [+3V3] of R2 on F.Cu
    @(108.3700 mm, 48.7700 mm): PTH pad 1 [+3V3] of J1
[unconnected_items]: Missing connection between items
    Local override; error
    @(109.5000 mm, 52.5000 mm): Pad 1 [+3V3] of R2 on F.Cu
    @(105.0000 mm, 52.5000 mm): Pad 1 [+3V3] of R1 on F.Cu
[unconnected_items]: Missing connection between items
    Local override; error
    @(115.4600 mm, 93.5000 mm): PTH pad 3 [+3V3] of J2
    @(121.5000 mm, 80.5000 mm): Pad 1 [+3V3] of R7 on F.Cu
[unconnected_items]: Missing connection between items
    Local override; error
    @(116.5000 mm, 52.5000 mm): Pad 1 [+3V3] of R9 on F.Cu
    @(109.5000 mm, 52.5000 mm): Pad 1 [+3V3] of R2 on F.Cu
[unconnected_items]: Missing connection between items
    Local override; error
    @(121.0000 mm, 52.5000 mm): Pad 1 [+3V3] of R10 on F.Cu
    @(116.5000 mm, 52.5000 mm): Pad 1 [+3V3] of R9 on F.Cu
[unconnected_items]: Missing connection between items
    Local override; error
    @(121.0000 mm, 52.5000 mm): Pad 1 [+3V3] of R10 on F.Cu
    @(128.6900 mm, 48.7700 mm): PTH pad 17 [+3V3] of J1
[unconnected_items]: Missing connection between items
    Local override; error
    @(121.0000 mm, 61.5000 mm): Pad 1 [+3V3] of C5 on F.Cu
    @(118.0000 mm, 60.4900 mm): Pad 28 [+3V3] of U4 on F.Cu
[unconnected_items]: Missing connection between items
    Local override; error
    @(121.5000 mm, 80.5000 mm): Pad 1 [+3V3] of R7 on F.Cu
    @(108.7000 mm, 77.0000 mm): Pad 14 [+3V3] of U4 on F.Cu
[unconnected_items]: Missing connection between items
    Local override; error
    @(123.5000 mm, 56.0000 mm): Pad 1 [+3V3] of C1 on F.Cu
    @(121.0000 mm, 52.5000 mm): Pad 1 [+3V3] of R10 on F.Cu
[unconnected_items]: Missing connection between items
    Local override; error
    @(123.5000 mm, 56.0000 mm): Pad 1 [+3V3] of C1 on F.Cu
    @(121.0000 mm, 61.5000 mm): Pad 1 [+3V3] of C5 on F.Cu
[unconnected_items]: Missing connection between items
    Local override; error
    @(125.8500 mm, 68.0000 mm): Pad 1 [+3V3] of C15 on F.Cu
    @(121.0000 mm, 61.5000 mm): Pad 1 [+3V3] of C5 on F.Cu
[unconnected_items]: Missing connection between items
    Local override; error
    @(129.5000 mm, 77.5000 mm): Pad 1 [+3V3] of R7 on F.Cu
    @(121.5000 mm, 80.5000 mm): Pad 1 [+3V3] of R7 on F.Cu
[unconnected_items]: Missing connection between items
    Local override; error
    @(130.4250 mm, 68.0000 mm): Pad 1 [+3V3] of C16 on F.Cu
    @(125.8500 mm, 68.0000 mm): Pad 1 [+3V3] of C15 on F.Cu
[unconnected_items]: Missing connection between items
    Local override; error
    @(134.0000 mm, 53.4200 mm): Pad 16 [+3V3] of U2 on F.Cu
    @(128.6900 mm, 48.7700 mm): PTH pad 17 [+3V3] of J1
[unconnected_items]: Missing connection between items
    Local override; error
    @(134.0000 mm, 81.1900 mm): Pad 8 [+3V3] of U1 on F.Cu
    @(140.5000 mm, 90.0000 mm): PTH pad 2 [+3V3] of JP1
[unconnected_items]: Missing connection between items
    Local override; error
    @(134.9250 mm, 68.0000 mm): Pad 1 [+3V3] of C17 on F.Cu
    @(130.4250 mm, 68.0000 mm): Pad 1 [+3V3] of C16 on F.Cu
[unconnected_items]: Missing connection between items
    Local override; error
    @(135.0000 mm, 78.0000 mm): Pad 1 [+3V3] of R12 on F.Cu
    @(134.0000 mm, 81.1900 mm): Pad 8 [+3V3] of U1 on F.Cu
[unconnected_items]: Missing connection between items
    Local override; error
    @(135.0000 mm, 78.0000 mm): Pad 1 [+3V3] of R12 on F.Cu
    @(139.5000 mm, 78.0000 mm): Pad 1 [+3V3] of R13 on F.Cu
[unconnected_items]: Missing connection between items
    Local override; error
    @(135.0000 mm, 78.0000 mm): Pad 1 [+3V3] of R12 on F.Cu
    @(129.5000 mm, 77.5000 mm): Pad 1 [+3V3] of R7 on F.Cu
[unconnected_items]: Missing connection between items
    Local override; error
    @(139.5000 mm, 70.0000 mm): Pad 1 [+3V3] of C4 on F.Cu
    @(134.9250 mm, 68.0000 mm): Pad 1 [+3V3] of C17 on F.Cu
[unconnected_items]: Missing connection between items
    Local override; error
    @(139.5000 mm, 78.0000 mm): Pad 1 [+3V3] of R13 on F.Cu
    @(139.5000 mm, 70.0000 mm): Pad 1 [+3V3] of C4 on F.Cu
[unconnected_items]: Missing connection between items
    Local override; error
    @(140.5000 mm, 90.0000 mm): PTH pad 2 [+3V3] of JP1
    @(161.5000 mm, 85.5000 mm): Pad 1 [+3V3] of FB1 on F.Cu
[unconnected_items]: Missing connection between items
    Local override; error
    @(130.4600 mm, 94.4600 mm): PTH pad 1 [Net-(J_L_IN1-In)] of J_L_IN1
    @(140.5000 mm, 60.0000 mm): Pad 2 [Net-(J_L_IN1-In)] of C8 on F.Cu
[unconnected_items]: Missing connection between items
    Local override; error
    @(151.4600 mm, 94.4600 mm): PTH pad 1 [Net-(J_R_IN1-In)] of J_R_IN1
    @(151.5000 mm, 88.0000 mm): Pad 2 [Net-(J_R_IN1-In)] of C9 on F.Cu
[unconnected_items]: Missing connection between items
    Local override; error
    @(145.0000 mm, 56.2000 mm): Pad 4 [Net-(U3-VINR1/VIN2P)] of U3 on F.Cu
    @(149.5000 mm, 88.0000 mm): Pad 1 [Net-(U3-VINR1/VIN2P)] of C9 on F.Cu
[unconnected_items]: Missing connection between items
    Local override; error
    @(145.0000 mm, 57.5000 mm): Pad 6 [Net-(U3-VREF)] of U3 on F.Cu
    @(153.0000 mm, 73.5000 mm): Pad 2 [Net-(U3-VREF)] of C10 on F.Cu
[unconnected_items]: Missing connection between items
    Local override; error
    @(153.0000 mm, 73.5000 mm): Pad 2 [Net-(U3-VREF)] of C10 on F.Cu
    @(157.5000 mm, 73.5000 mm): Pad 2 [Net-(U3-VREF)] of C12 on F.Cu
[unconnected_items]: Missing connection between items
    Local override; error
    @(118.0000 mm, 64.3000 mm): Pad 25 [I2C_SDA] of U4 on F.Cu
    @(137.0000 mm, 78.0000 mm): Pad 2 [I2C_SDA] of R12 on F.Cu
[unconnected_items]: Missing connection between items
    Local override; error
    @(121.0700 mm, 46.2300 mm): PTH pad 12 [I2S_BCLK] of J1
    @(129.0500 mm, 57.2300 mm): Pad 4 [I2S_BCLK] of U2 on F.Cu
[unconnected_items]: Missing connection between items
    Local override; error
    @(108.7000 mm, 61.7600 mm): Pad 2 [/Audio Inputs/SPDIF_IN] of U4 on F.Cu
    @(110.3800 mm, 93.5000 mm): PTH pad 1 [/Audio Inputs/SPDIF_IN] of J2
[unconnected_items]: Missing connection between items
    Local override; error
    @(118.0000 mm, 63.0300 mm): Pad 26 [I2C_SCL] of U4 on F.Cu
    @(141.5000 mm, 78.0000 mm): Pad 2 [I2C_SCL] of R13 on F.Cu
[unconnected_items]: Missing connection between items
    Local override; error
    @(104.0000 mm, 61.0000 mm): Pad 2 [Net-(U4-XI)] of Y1 on F.Cu
    @(108.7000 mm, 64.3000 mm): Pad 4 [Net-(U4-XI)] of U4 on F.Cu
[unconnected_items]: Missing connection between items
    Local override; error
    @(108.7000 mm, 64.3000 mm): Pad 4 [Net-(U4-XI)] of U4 on F.Cu
    @(131.5000 mm, 73.5000 mm): Pad 1 [Net-(U4-XI)] of C7 on F.Cu
[unconnected_items]: Missing connection between items
    Local override; error
    @(126.1500 mm, 46.2300 mm): PTH pad 16 [SRC_SEL] of J1
    @(129.0500 mm, 53.4200 mm): Pad 1 [SRC_SEL] of U2 on F.Cu
[unconnected_items]: Missing connection between items
    Local override; error
    @(150.5000 mm, 78.5000 mm): Pad 1 [MODE_MS] of R3 on F.Cu
    @(152.4250 mm, 58.8000 mm): Pad 25 [MODE_MS] of U3 on F.Cu
[unconnected_items]: Missing connection between items
    Local override; error
    @(152.4250 mm, 58.1500 mm): Pad 26 [MD0] of U3 on F.Cu
    @(155.5000 mm, 78.5000 mm): Pad 1 [MD0] of R4 on F.Cu
[unconnected_items]: Missing connection between items
    Local override; error
    @(150.5000 mm, 81.5000 mm): Pad 1 [MODE_FMT0] of R5 on F.Cu
    @(152.4250 mm, 59.4500 mm): Pad 24 [MODE_FMT0] of U3 on F.Cu
[unconnected_items]: Missing connection between items
    Local override; error
    @(152.4250 mm, 60.1000 mm): Pad 23 [MODE_FMT1] of U3 on F.Cu
    @(156.0000 mm, 81.5000 mm): Pad 1 [MODE_FMT1] of R6 on F.Cu
[unconnected_items]: Missing connection between items
    Local override; error
    @(134.0000 mm, 54.6900 mm): Pad 15 [Net-(U2-E)] of U2 on F.Cu
    @(137.5000 mm, 54.0000 mm): Pad 1 [Net-(U2-E)] of R8 on F.Cu
[unconnected_items]: Missing connection between items
    Local override; error
    @(134.0000 mm, 61.0400 mm): Pad 10 [ADC_SDOUT] of U2 on F.Cu
    @(152.4250 mm, 63.3500 mm): Pad 18 [ADC_SDOUT] of U3 on F.Cu
[unconnected_items]: Missing connection between items
    Local override; error
    @(134.0000 mm, 83.7300 mm): Pad 6 [ID_SCL] of U1 on F.Cu
    @(141.3900 mm, 46.2300 mm): PTH pad 28 [ID_SCL] of J1
[unconnected_items]: Missing connection between items
    Local override; error
    @(141.3900 mm, 46.2300 mm): PTH pad 28 [ID_SCL] of J1
    @(111.5000 mm, 52.5000 mm): Pad 2 [ID_SCL] of R2 on F.Cu
[unconnected_items]: Missing connection between items
    Local override; error
    @(134.0000 mm, 62.3100 mm): Pad 9 [I2S_DOUT] of U2 on F.Cu
    @(154.0900 mm, 46.2300 mm): PTH pad 38 [I2S_DOUT] of J1
[unconnected_items]: Missing connection between items
    Local override; error
    @(118.0000 mm, 61.7600 mm): Pad 27 [Net-(U4-~{RST})] of U4 on F.Cu
    @(131.5000 mm, 77.5000 mm): Pad 2 [Net-(U4-~{RST})] of R7 on F.Cu
[unconnected_items]: Missing connection between items
    Local override; error
    @(118.0000 mm, 68.1100 mm): Pad 22 [TOSLINK_BCLK] of U4 on F.Cu
    @(129.0500 mm, 54.6900 mm): Pad 2 [TOSLINK_BCLK] of U2 on F.Cu
[unconnected_items]: Missing connection between items
    Local override; error
    @(129.0500 mm, 55.9600 mm): Pad 3 [ADC_BCLK] of U2 on F.Cu
    @(152.4250 mm, 64.0000 mm): Pad 17 [ADC_BCLK] of U3 on F.Cu
[unconnected_items]: Missing connection between items
    Local override; error
    @(118.0000 mm, 65.5700 mm): Pad 24 [TOSLINK_DOUT] of U4 on F.Cu
    @(134.0000 mm, 59.7700 mm): Pad 11 [TOSLINK_DOUT] of U2 on F.Cu
[unconnected_items]: Missing connection between items
    Local override; error
    @(129.0500 mm, 59.7700 mm): Pad 6 [ADC_LRCLK] of U2 on F.Cu
    @(145.0000 mm, 64.0000 mm): Pad 16 [ADC_LRCLK] of U3 on F.Cu
[unconnected_items]: Missing connection between items
    Local override; error
    @(118.0000 mm, 66.8400 mm): Pad 23 [TOSLINK_LRCLK] of U4 on F.Cu
    @(129.0500 mm, 58.5000 mm): Pad 5 [TOSLINK_LRCLK] of U2 on F.Cu

** Found 0 Footprint errors **

** End of Report **
