ERC report (2026-01-11T12:37:25-0800, Encoding UTF8)

***** Sheet /
[same_local_global_label]: Local and global labels have same name
    ; warning
    @(4025 mils, 2400 mils): Global Label 'ID_SCL'
    @(3950 mils, 2400 mils): Label 'ID_SCL'
[multiple_net_names]: Both I2S_DOUT and GPIO20{slash}PCM.DIN are attached to the same items; I2S_DOUT will be used in the netlist
    ; warning
    @(6475 mils, 1950 mils): Global Label 'I2S_DOUT'
    @(3950 mils, 2900 mils): Label 'GPIO20/PCM.DIN'
[lib_symbol_mismatch]: Symbol 'R_Small' doesn't match copy in library 'Device'
    ; warning
    @(3700 mils, 6700 mils): Symbol R1 [R_Small]
[lib_symbol_mismatch]: Symbol 'R_Small' doesn't match copy in library 'Device'
    ; warning
    @(4000 mils, 6700 mils): Symbol R2 [R_Small]
[lib_symbol_mismatch]: Symbol 'AFBR-2624Z' doesn't match copy in library 'Fiber_Optic'
    ; warning
    @(5375 mils, 2675 mils): Symbol J2 [AFBR-2624Z]

***** Sheet /Audio Inputs/

 ** ERC messages: 5  Errors 0  Warnings 5
